<?xml version="1.0" encoding="UTF-8"?>
<coverage generated="1755211407428" clover="3.2.0">
  <project timestamp="1755211407428" name="All files">
    <metrics statements="52" coveredstatements="42" conditionals="56" coveredconditionals="40" methods="15" coveredmethods="15" elements="123" coveredelements="97" complexity="0" loc="52" ncloc="52" packages="1" files="3" classes="3"/>
    <file name="App.js" path="/Users/nateritter/Sites/because-loan-calculator/src/App.js">
      <metrics statements="16" coveredstatements="16" conditionals="12" coveredconditionals="11" methods="10" coveredmethods="10"/>
      <line num="4" count="2" type="stmt"/>
      <line num="5" count="19" type="stmt"/>
      <line num="16" count="19" type="stmt"/>
      <line num="18" count="19" type="stmt"/>
      <line num="29" count="19" type="stmt"/>
      <line num="30" count="1" type="stmt"/>
      <line num="36" count="19" type="stmt"/>
      <line num="37" count="1" type="stmt"/>
      <line num="40" count="19" type="stmt"/>
      <line num="43" count="19" type="stmt"/>
      <line num="44" count="9" type="stmt"/>
      <line num="50" count="19" type="stmt"/>
      <line num="68" count="1" type="stmt"/>
      <line num="72" count="152" type="stmt"/>
      <line num="82" count="152" type="stmt"/>
      <line num="114" count="1" type="stmt"/>
    </file>
    <file name="calculator.js" path="/Users/nateritter/Sites/because-loan-calculator/src/calculator.js">
      <metrics statements="34" coveredstatements="26" conditionals="44" coveredconditionals="29" methods="5" coveredmethods="5"/>
      <line num="3" count="1" type="stmt"/>
      <line num="4" count="6" type="stmt"/>
      <line num="5" count="6" type="stmt"/>
      <line num="7" count="6" type="cond" truecount="5" falsecount="4"/>
      <line num="9" count="1" type="cond" truecount="3" falsecount="1"/>
      <line num="10" count="1" type="stmt"/>
      <line num="11" count="1" type="cond" truecount="1" falsecount="1"/>
      <line num="14" count="1" type="stmt"/>
      <line num="17" count="1" type="stmt"/>
      <line num="20" count="1" type="stmt"/>
      <line num="23" count="0" type="cond" truecount="0" falsecount="4"/>
      <line num="24" count="0" type="stmt"/>
      <line num="25" count="0" type="stmt"/>
      <line num="28" count="2" type="cond" truecount="2" falsecount="0"/>
      <line num="29" count="1" type="stmt"/>
      <line num="33" count="0" type="stmt"/>
      <line num="36" count="0" type="cond" truecount="0" falsecount="4"/>
      <line num="37" count="0" type="stmt"/>
      <line num="38" count="0" type="stmt"/>
      <line num="41" count="0" type="stmt"/>
      <line num="45" count="1" type="stmt"/>
      <line num="46" count="4" type="stmt"/>
      <line num="57" count="4" type="stmt"/>
      <line num="58" count="4" type="cond" truecount="2" falsecount="0"/>
      <line num="63" count="4" type="cond" truecount="4" falsecount="0"/>
      <line num="66" count="1" type="stmt"/>
      <line num="67" count="1" type="stmt"/>
      <line num="68" count="1" type="stmt"/>
      <line num="71" count="1" type="stmt"/>
      <line num="72" count="1" type="stmt"/>
      <line num="75" count="1" type="stmt"/>
      <line num="76" count="2" type="cond" truecount="5" falsecount="0"/>
      <line num="77" count="1" type="stmt"/>
      <line num="78" count="1" type="cond" truecount="1" falsecount="1"/>
    </file>
    <file name="index.js" path="/Users/nateritter/Sites/because-loan-calculator/src/index.js">
      <metrics statements="2" coveredstatements="0" conditionals="0" coveredconditionals="0" methods="0" coveredmethods="0"/>
      <line num="6" count="0" type="stmt"/>
      <line num="7" count="0" type="stmt"/>
    </file>
  </project>
</coverage>
