{"/Users/nateritter/Sites/because-loan-calculator/src/App.js": {"path":"/Users/nateritter/Sites/because-loan-calculator/src/App.js","statementMap":{"0":{"start":{"line":4,"column":22},"end":{"line":174,"column":1}},"1":{"start":{"line":5,"column":30},"end":{"line":14,"column":4}},"2":{"start":{"line":16,"column":34},"end":{"line":16,"column":61}},"3":{"start":{"line":18,"column":20},"end":{"line":27,"column":3}},"4":{"start":{"line":29,"column":28},"end":{"line":34,"column":3}},"5":{"start":{"line":30,"column":4},"end":{"line":33,"column":8}},"6":{"start":{"line":30,"column":23},"end":{"line":33,"column":5}},"7":{"start":{"line":36,"column":31},"end":{"line":38,"column":3}},"8":{"start":{"line":37,"column":4},"end":{"line":37,"column":29}},"9":{"start":{"line":40,"column":22},"end":{"line":40,"column":60}},"10":{"start":{"line":43,"column":2},"end":{"line":48,"column":30}},"11":{"start":{"line":44,"column":4},"end":{"line":47,"column":8}},"12":{"start":{"line":44,"column":23},"end":{"line":47,"column":5}},"13":{"start":{"line":50,"column":2},"end":{"line":173,"column":4}},"14":{"start":{"line":68,"column":33},"end":{"line":68,"column":69}},"15":{"start":{"line":72,"column":18},"end":{"line":74,"column":27}},"16":{"start":{"line":82,"column":16},"end":{"line":119,"column":22}},"17":{"start":{"line":114,"column":39},"end":{"line":114,"column":77}}},"fnMap":{"0":{"name":"(anonymous_0)","decl":{"start":{"line":4,"column":22},"end":{"line":4,"column":23}},"loc":{"start":{"line":4,"column":28},"end":{"line":174,"column":1}},"line":4},"1":{"name":"(anonymous_1)","decl":{"start":{"line":29,"column":28},"end":{"line":29,"column":29}},"loc":{"start":{"line":29,"column":47},"end":{"line":34,"column":3}},"line":29},"2":{"name":"(anonymous_2)","decl":{"start":{"line":30,"column":14},"end":{"line":30,"column":15}},"loc":{"start":{"line":30,"column":23},"end":{"line":33,"column":5}},"line":30},"3":{"name":"(anonymous_3)","decl":{"start":{"line":36,"column":31},"end":{"line":36,"column":32}},"loc":{"start":{"line":36,"column":48},"end":{"line":38,"column":3}},"line":36},"4":{"name":"(anonymous_4)","decl":{"start":{"line":43,"column":12},"end":{"line":43,"column":13}},"loc":{"start":{"line":43,"column":18},"end":{"line":48,"column":3}},"line":43},"5":{"name":"(anonymous_5)","decl":{"start":{"line":44,"column":14},"end":{"line":44,"column":15}},"loc":{"start":{"line":44,"column":23},"end":{"line":47,"column":5}},"line":44},"6":{"name":"(anonymous_6)","decl":{"start":{"line":68,"column":26},"end":{"line":68,"column":27}},"loc":{"start":{"line":68,"column":33},"end":{"line":68,"column":69}},"line":68},"7":{"name":"(anonymous_7)","decl":{"start":{"line":71,"column":47},"end":{"line":71,"column":48}},"loc":{"start":{"line":72,"column":18},"end":{"line":74,"column":27}},"line":72},"8":{"name":"(anonymous_8)","decl":{"start":{"line":81,"column":45},"end":{"line":81,"column":46}},"loc":{"start":{"line":82,"column":16},"end":{"line":119,"column":22}},"line":82},"9":{"name":"(anonymous_9)","decl":{"start":{"line":114,"column":32},"end":{"line":114,"column":33}},"loc":{"start":{"line":114,"column":39},"end":{"line":114,"column":77}},"line":114}},"branchMap":{"0":{"loc":{"start":{"line":32,"column":13},"end":{"line":32,"column":38}},"type":"binary-expr","locations":[{"start":{"line":32,"column":13},"end":{"line":32,"column":33}},{"start":{"line":32,"column":37},"end":{"line":32,"column":38}}],"line":32},"1":{"loc":{"start":{"line":83,"column":18},"end":{"line":83,"column":108}},"type":"cond-expr","locations":[{"start":{"line":83,"column":37},"end":{"line":83,"column":77}},{"start":{"line":83,"column":80},"end":{"line":83,"column":108}}],"line":83},"2":{"loc":{"start":{"line":87,"column":31},"end":{"line":87,"column":86}},"type":"cond-expr","locations":[{"start":{"line":87,"column":50},"end":{"line":87,"column":69}},{"start":{"line":87,"column":72},"end":{"line":87,"column":86}}],"line":87},"3":{"loc":{"start":{"line":92,"column":21},"end":{"line":96,"column":21}},"type":"binary-expr","locations":[{"start":{"line":92,"column":21},"end":{"line":92,"column":37}},{"start":{"line":93,"column":22},"end":{"line":95,"column":29}}],"line":92},"4":{"loc":{"start":{"line":99,"column":19},"end":{"line":118,"column":19}},"type":"cond-expr","locations":[{"start":{"line":100,"column":20},"end":{"line":108,"column":26}},{"start":{"line":110,"column":20},"end":{"line":117,"column":22}}],"line":99},"5":{"loc":{"start":{"line":156,"column":47},"end":{"line":156,"column":117}},"type":"binary-expr","locations":[{"start":{"line":156,"column":47},"end":{"line":156,"column":112}},{"start":{"line":156,"column":116},"end":{"line":156,"column":117}}],"line":156}},"s":{"0":2,"1":19,"2":19,"3":19,"4":19,"5":1,"6":1,"7":19,"8":1,"9":19,"10":19,"11":9,"12":9,"13":19,"14":1,"15":152,"16":152,"17":1},"f":{"0":19,"1":1,"2":1,"3":1,"4":9,"5":9,"6":1,"7":152,"8":152,"9":1},"b":{"0":[1,0],"1":[19,133],"2":[19,133],"3":[152,19],"4":[19,133],"5":[19,19]},"_coverageSchema":"1a1c01bbd47fc00a2c39e90264f33305004495a9","hash":"5122c8c2e77f40c8075e1df182ef519bcb841ec7"}
,"/Users/nateritter/Sites/because-loan-calculator/src/calculator.js": {"path":"/Users/nateritter/Sites/because-loan-calculator/src/calculator.js","statementMap":{"0":{"start":{"line":3,"column":36},"end":{"line":43,"column":1}},"1":{"start":{"line":4,"column":25},"end":{"line":4,"column":50}},"2":{"start":{"line":5,"column":25},"end":{"line":5,"column":73}},"3":{"start":{"line":7,"column":2},"end":{"line":42,"column":3}},"4":{"start":{"line":9,"column":6},"end":{"line":9,"column":73}},"5":{"start":{"line":9,"column":64},"end":{"line":9,"column":73}},"6":{"start":{"line":10,"column":29},"end":{"line":10,"column":68}},"7":{"start":{"line":11,"column":6},"end":{"line":11,"column":82}},"8":{"start":{"line":14,"column":6},"end":{"line":14,"column":51}},"9":{"start":{"line":17,"column":6},"end":{"line":17,"column":54}},"10":{"start":{"line":20,"column":6},"end":{"line":20,"column":54}},"11":{"start":{"line":23,"column":6},"end":{"line":23,"column":79}},"12":{"start":{"line":23,"column":70},"end":{"line":23,"column":79}},"13":{"start":{"line":24,"column":37},"end":{"line":24,"column":79}},"14":{"start":{"line":25,"column":6},"end":{"line":25,"column":61}},"15":{"start":{"line":28,"column":6},"end":{"line":28,"column":41}},"16":{"start":{"line":28,"column":32},"end":{"line":28,"column":41}},"17":{"start":{"line":29,"column":6},"end":{"line":29,"column":48}},"18":{"start":{"line":33,"column":6},"end":{"line":33,"column":33}},"19":{"start":{"line":36,"column":6},"end":{"line":36,"column":82}},"20":{"start":{"line":36,"column":73},"end":{"line":36,"column":82}},"21":{"start":{"line":37,"column":33},"end":{"line":37,"column":75}},"22":{"start":{"line":38,"column":6},"end":{"line":38,"column":73}},"23":{"start":{"line":41,"column":6},"end":{"line":41,"column":15}},"24":{"start":{"line":45,"column":27},"end":{"line":64,"column":1}},"25":{"start":{"line":46,"column":20},"end":{"line":55,"column":3}},"26":{"start":{"line":57,"column":19},"end":{"line":57,"column":33}},"27":{"start":{"line":58,"column":25},"end":{"line":61,"column":41}},"28":{"start":{"line":63,"column":2},"end":{"line":63,"column":77}},"29":{"start":{"line":66,"column":33},"end":{"line":69,"column":1}},"30":{"start":{"line":67,"column":25},"end":{"line":67,"column":50}},"31":{"start":{"line":68,"column":2},"end":{"line":68,"column":58}},"32":{"start":{"line":71,"column":33},"end":{"line":73,"column":1}},"33":{"start":{"line":72,"column":2},"end":{"line":72,"column":43}},"34":{"start":{"line":75,"column":38},"end":{"line":79,"column":1}},"35":{"start":{"line":76,"column":2},"end":{"line":76,"column":72}},"36":{"start":{"line":76,"column":63},"end":{"line":76,"column":72}},"37":{"start":{"line":77,"column":18},"end":{"line":77,"column":70}},"38":{"start":{"line":78,"column":2},"end":{"line":78,"column":36}}},"fnMap":{"0":{"name":"(anonymous_0)","decl":{"start":{"line":3,"column":36},"end":{"line":3,"column":37}},"loc":{"start":{"line":3,"column":58},"end":{"line":43,"column":1}},"line":3},"1":{"name":"(anonymous_1)","decl":{"start":{"line":45,"column":27},"end":{"line":45,"column":28}},"loc":{"start":{"line":45,"column":43},"end":{"line":64,"column":1}},"line":45},"2":{"name":"(anonymous_2)","decl":{"start":{"line":66,"column":33},"end":{"line":66,"column":34}},"loc":{"start":{"line":66,"column":45},"end":{"line":69,"column":1}},"line":66},"3":{"name":"(anonymous_3)","decl":{"start":{"line":71,"column":33},"end":{"line":71,"column":34}},"loc":{"start":{"line":71,"column":54},"end":{"line":73,"column":1}},"line":71},"4":{"name":"(anonymous_4)","decl":{"start":{"line":75,"column":38},"end":{"line":75,"column":39}},"loc":{"start":{"line":75,"column":71},"end":{"line":79,"column":1}},"line":75}},"branchMap":{"0":{"loc":{"start":{"line":7,"column":2},"end":{"line":42,"column":3}},"type":"switch","locations":[{"start":{"line":8,"column":4},"end":{"line":11,"column":82}},{"start":{"line":13,"column":4},"end":{"line":14,"column":51}},{"start":{"line":16,"column":4},"end":{"line":17,"column":54}},{"start":{"line":19,"column":4},"end":{"line":20,"column":54}},{"start":{"line":22,"column":4},"end":{"line":25,"column":61}},{"start":{"line":27,"column":4},"end":{"line":29,"column":48}},{"start":{"line":31,"column":4},"end":{"line":33,"column":33}},{"start":{"line":35,"column":4},"end":{"line":38,"column":73}},{"start":{"line":40,"column":4},"end":{"line":41,"column":15}}],"line":7},"1":{"loc":{"start":{"line":9,"column":6},"end":{"line":9,"column":73}},"type":"if","locations":[{"start":{"line":9,"column":6},"end":{"line":9,"column":73}},{"start":{},"end":{}}],"line":9},"2":{"loc":{"start":{"line":9,"column":10},"end":{"line":9,"column":62}},"type":"binary-expr","locations":[{"start":{"line":9,"column":10},"end":{"line":9,"column":38}},{"start":{"line":9,"column":42},"end":{"line":9,"column":62}}],"line":9},"3":{"loc":{"start":{"line":11,"column":13},"end":{"line":11,"column":81}},"type":"cond-expr","locations":[{"start":{"line":11,"column":40},"end":{"line":11,"column":77}},{"start":{"line":11,"column":80},"end":{"line":11,"column":81}}],"line":11},"4":{"loc":{"start":{"line":23,"column":6},"end":{"line":23,"column":79}},"type":"if","locations":[{"start":{"line":23,"column":6},"end":{"line":23,"column":79}},{"start":{},"end":{}}],"line":23},"5":{"loc":{"start":{"line":23,"column":10},"end":{"line":23,"column":68}},"type":"binary-expr","locations":[{"start":{"line":23,"column":10},"end":{"line":23,"column":38}},{"start":{"line":23,"column":42},"end":{"line":23,"column":68}}],"line":23},"6":{"loc":{"start":{"line":28,"column":6},"end":{"line":28,"column":41}},"type":"if","locations":[{"start":{"line":28,"column":6},"end":{"line":28,"column":41}},{"start":{},"end":{}}],"line":28},"7":{"loc":{"start":{"line":36,"column":6},"end":{"line":36,"column":82}},"type":"if","locations":[{"start":{"line":36,"column":6},"end":{"line":36,"column":82}},{"start":{},"end":{}}],"line":36},"8":{"loc":{"start":{"line":36,"column":10},"end":{"line":36,"column":71}},"type":"binary-expr","locations":[{"start":{"line":36,"column":10},"end":{"line":36,"column":39}},{"start":{"line":36,"column":43},"end":{"line":36,"column":71}}],"line":36},"9":{"loc":{"start":{"line":58,"column":25},"end":{"line":61,"column":41}},"type":"cond-expr","locations":[{"start":{"line":58,"column":48},"end":{"line":58,"column":64}},{"start":{"line":59,"column":24},"end":{"line":61,"column":41}}],"line":58},"10":{"loc":{"start":{"line":59,"column":24},"end":{"line":61,"column":41}},"type":"cond-expr","locations":[{"start":{"line":59,"column":73},"end":{"line":59,"column":89}},{"start":{"line":60,"column":24},"end":{"line":61,"column":41}}],"line":59},"11":{"loc":{"start":{"line":59,"column":24},"end":{"line":59,"column":70}},"type":"binary-expr","locations":[{"start":{"line":59,"column":24},"end":{"line":59,"column":44}},{"start":{"line":59,"column":48},"end":{"line":59,"column":70}}],"line":59},"12":{"loc":{"start":{"line":60,"column":24},"end":{"line":61,"column":41}},"type":"cond-expr","locations":[{"start":{"line":60,"column":52},"end":{"line":60,"column":69}},{"start":{"line":61,"column":24},"end":{"line":61,"column":41}}],"line":60},"13":{"loc":{"start":{"line":63,"column":12},"end":{"line":63,"column":33}},"type":"binary-expr","locations":[{"start":{"line":63,"column":12},"end":{"line":63,"column":27}},{"start":{"line":63,"column":31},"end":{"line":63,"column":33}}],"line":63},"14":{"loc":{"start":{"line":63,"column":53},"end":{"line":63,"column":74}},"type":"binary-expr","locations":[{"start":{"line":63,"column":53},"end":{"line":63,"column":68}},{"start":{"line":63,"column":72},"end":{"line":63,"column":74}}],"line":63},"15":{"loc":{"start":{"line":76,"column":2},"end":{"line":76,"column":72}},"type":"if","locations":[{"start":{"line":76,"column":2},"end":{"line":76,"column":72}},{"start":{},"end":{}}],"line":76},"16":{"loc":{"start":{"line":76,"column":6},"end":{"line":76,"column":61}},"type":"binary-expr","locations":[{"start":{"line":76,"column":6},"end":{"line":76,"column":27}},{"start":{"line":76,"column":31},"end":{"line":76,"column":42}},{"start":{"line":76,"column":46},"end":{"line":76,"column":61}}],"line":76},"17":{"loc":{"start":{"line":78,"column":9},"end":{"line":78,"column":35}},"type":"cond-expr","locations":[{"start":{"line":78,"column":25},"end":{"line":78,"column":26}},{"start":{"line":78,"column":29},"end":{"line":78,"column":35}}],"line":78}},"s":{"0":1,"1":6,"2":6,"3":6,"4":1,"5":0,"6":1,"7":1,"8":1,"9":1,"10":1,"11":0,"12":0,"13":0,"14":0,"15":2,"16":1,"17":1,"18":0,"19":0,"20":0,"21":0,"22":0,"23":0,"24":1,"25":4,"26":4,"27":4,"28":4,"29":1,"30":1,"31":1,"32":1,"33":1,"34":1,"35":2,"36":1,"37":1,"38":1},"f":{"0":6,"1":4,"2":1,"3":1,"4":2},"b":{"0":[1,1,1,1,0,2,0,0,0],"1":[0,1],"2":[1,1],"3":[1,0],"4":[0,0],"5":[0,0],"6":[1,1],"7":[0,0],"8":[0,0],"9":[1,3],"10":[1,2],"11":[3,2],"12":[1,1],"13":[4,3],"14":[4,1],"15":[1,1],"16":[2,1,1],"17":[0,1]},"_coverageSchema":"1a1c01bbd47fc00a2c39e90264f33305004495a9","hash":"2f25113f9d39b8dfbd68b12b0455dc42476cefe8"}
,"/Users/nateritter/Sites/because-loan-calculator/src/index.js": {"path":"/Users/nateritter/Sites/because-loan-calculator/src/index.js","statementMap":{"0":{"start":{"line":6,"column":13},"end":{"line":6,"column":65}},"1":{"start":{"line":7,"column":0},"end":{"line":11,"column":2}}},"fnMap":{},"branchMap":{},"s":{"0":0,"1":0},"f":{},"b":{}}
}
