TN:
SF:src/App.js
FN:4,(anonymous_0)
FN:29,(anonymous_1)
FN:30,(anonymous_2)
FN:36,(anonymous_3)
FN:43,(anonymous_4)
FN:44,(anonymous_5)
FN:68,(anonymous_6)
FN:71,(anonymous_7)
FN:81,(anonymous_8)
FN:114,(anonymous_9)
FNF:10
FNH:10
FNDA:19,(anonymous_0)
FNDA:1,(anonymous_1)
FNDA:1,(anonymous_2)
FNDA:1,(anonymous_3)
FNDA:9,(anonymous_4)
FNDA:9,(anonymous_5)
FNDA:1,(anonymous_6)
FNDA:152,(anonymous_7)
FNDA:152,(anonymous_8)
FNDA:1,(anonymous_9)
DA:4,2
DA:5,19
DA:16,19
DA:18,19
DA:29,19
DA:30,1
DA:36,19
DA:37,1
DA:40,19
DA:43,19
DA:44,9
DA:50,19
DA:68,1
DA:72,152
DA:82,152
DA:114,1
LF:16
LH:16
BRDA:32,0,0,1
BRDA:32,0,1,0
BRDA:83,1,0,19
BRDA:83,1,1,133
BRDA:87,2,0,19
BRDA:87,2,1,133
BRDA:92,3,0,152
BRDA:92,3,1,19
BRDA:99,4,0,19
BRDA:99,4,1,133
BRDA:156,5,0,19
BRDA:156,5,1,19
BRF:12
BRH:11
end_of_record
TN:
SF:src/calculator.js
FN:3,(anonymous_0)
FN:45,(anonymous_1)
FN:66,(anonymous_2)
FN:71,(anonymous_3)
FN:75,(anonymous_4)
FNF:5
FNH:5
FNDA:6,(anonymous_0)
FNDA:4,(anonymous_1)
FNDA:1,(anonymous_2)
FNDA:1,(anonymous_3)
FNDA:2,(anonymous_4)
DA:3,1
DA:4,6
DA:5,6
DA:7,6
DA:9,1
DA:10,1
DA:11,1
DA:14,1
DA:17,1
DA:20,1
DA:23,0
DA:24,0
DA:25,0
DA:28,2
DA:29,1
DA:33,0
DA:36,0
DA:37,0
DA:38,0
DA:41,0
DA:45,1
DA:46,4
DA:57,4
DA:58,4
DA:63,4
DA:66,1
DA:67,1
DA:68,1
DA:71,1
DA:72,1
DA:75,1
DA:76,2
DA:77,1
DA:78,1
LF:34
LH:26
BRDA:7,0,0,1
BRDA:7,0,1,1
BRDA:7,0,2,1
BRDA:7,0,3,1
BRDA:7,0,4,0
BRDA:7,0,5,2
BRDA:7,0,6,0
BRDA:7,0,7,0
BRDA:7,0,8,0
BRDA:9,1,0,0
BRDA:9,1,1,1
BRDA:9,2,0,1
BRDA:9,2,1,1
BRDA:11,3,0,1
BRDA:11,3,1,0
BRDA:23,4,0,0
BRDA:23,4,1,0
BRDA:23,5,0,0
BRDA:23,5,1,0
BRDA:28,6,0,1
BRDA:28,6,1,1
BRDA:36,7,0,0
BRDA:36,7,1,0
BRDA:36,8,0,0
BRDA:36,8,1,0
BRDA:58,9,0,1
BRDA:58,9,1,3
BRDA:59,10,0,1
BRDA:59,10,1,2
BRDA:59,11,0,3
BRDA:59,11,1,2
BRDA:60,12,0,1
BRDA:60,12,1,1
BRDA:63,13,0,4
BRDA:63,13,1,3
BRDA:63,14,0,4
BRDA:63,14,1,1
BRDA:76,15,0,1
BRDA:76,15,1,1
BRDA:76,16,0,2
BRDA:76,16,1,1
BRDA:76,16,2,1
BRDA:78,17,0,0
BRDA:78,17,1,1
BRF:44
BRH:29
end_of_record
TN:
SF:src/index.js
FNF:0
FNH:0
DA:6,0
DA:7,0
LF:2
LH:0
BRF:0
BRH:0
end_of_record
